CRITICAL - 2023-09-23 14:07:42 --> Undefined variable $music
in APPPATH\Views\ms.php on line 14.
 1 APPPATH\Views\ms.php(14): CodeIgniter\Debug\Exceptions->errorHandler(2, 'Undefined variable $music', 'C:\\laragon\\www\\music\\music\\app\\Views\\ms.php', 14)
 2 SYSTEMPATH\View\View.php(226): include('C:\\laragon\\www\\music\\music\\app\\Views\\ms.php')
 3 SYSTEMPATH\View\View.php(229): CodeIgniter\View\View->CodeIgniter\View\{closure}()
 4 SYSTEMPATH\Common.php(1188): CodeIgniter\View\View->render('ms', [], true)
 5 APPPATH\Controllers\MusicController.php(10): view('ms')
 6 SYSTEMPATH\CodeIgniter.php(919): App\Controllers\MusicController->music()
 7 SYSTEMPATH\CodeIgniter.php(494): CodeIgniter\CodeIgniter->runController(Object(App\Controllers\MusicController))
 8 SYSTEMPATH\CodeIgniter.php(353): CodeIgniter\CodeIgniter->handleRequest(null, Object(Config\Cache), false)
 9 FCPATH\index.php(79): CodeIgniter\CodeIgniter->run()
10 SYSTEMPATH\Commands\Server\rewrite.php(47): require_once('C:\\laragon\\www\\music\\music\\public\\index.php')
CRITICAL - 2023-09-23 14:15:39 --> Call to undefined function form_open_multipart()
in APPPATH\Views\music_all_in_one.php on line 25.
 1 SYSTEMPATH\View\View.php(226): include()
 2 SYSTEMPATH\View\View.php(229): CodeIgniter\View\View->CodeIgniter\View\{closure}()
 3 SYSTEMPATH\Common.php(1188): CodeIgniter\View\View->render('music_all_in_one', [], true)
 4 APPPATH\Controllers\MusicController.php(16): view('music_all_in_one', [...])
 5 SYSTEMPATH\CodeIgniter.php(919): App\Controllers\MusicController->index()
 6 SYSTEMPATH\CodeIgniter.php(494): CodeIgniter\CodeIgniter->runController(Object(App\Controllers\MusicController))
 7 SYSTEMPATH\CodeIgniter.php(353): CodeIgniter\CodeIgniter->handleRequest(null, Object(Config\Cache), false)
 8 FCPATH\index.php(79): CodeIgniter\CodeIgniter->run()
 9 SYSTEMPATH\Commands\Server\rewrite.php(47): require_once('C:\\laragon\\www\\music\\music\\public\\index.php')
CRITICAL - 2023-09-23 14:20:27 --> Undefined variable $music
in APPPATH\Views\music_all_in_one.php on line 14.
 1 APPPATH\Views\music_all_in_one.php(14): CodeIgniter\Debug\Exceptions->errorHandler(2, 'Undefined variable $music', 'C:\\laragon\\www\\music\\music\\app\\Views\\music_all_in_one.php', 14)
 2 SYSTEMPATH\View\View.php(226): include('C:\\laragon\\www\\music\\music\\app\\Views\\music_all_in_one.php')
 3 SYSTEMPATH\View\View.php(229): CodeIgniter\View\View->CodeIgniter\View\{closure}()
 4 SYSTEMPATH\Common.php(1188): CodeIgniter\View\View->render('music_all_in_one', [], true)
 5 APPPATH\Controllers\MusicController.php(65): view('music_all_in_one', [...])
 6 SYSTEMPATH\CodeIgniter.php(919): App\Controllers\MusicController->play('1')
 7 SYSTEMPATH\CodeIgniter.php(494): CodeIgniter\CodeIgniter->runController(Object(App\Controllers\MusicController))
 8 SYSTEMPATH\CodeIgniter.php(353): CodeIgniter\CodeIgniter->handleRequest(null, Object(Config\Cache), false)
 9 FCPATH\index.php(79): CodeIgniter\CodeIgniter->run()
10 SYSTEMPATH\Commands\Server\rewrite.php(47): require_once('C:\\laragon\\www\\music\\music\\public\\index.php')
CRITICAL - 2023-09-23 14:21:30 --> Undefined variable $music
in APPPATH\Views\music_all_in_one.php on line 14.
 1 APPPATH\Views\music_all_in_one.php(14): CodeIgniter\Debug\Exceptions->errorHandler(2, 'Undefined variable $music', 'C:\\laragon\\www\\music\\music\\app\\Views\\music_all_in_one.php', 14)
 2 SYSTEMPATH\View\View.php(226): include('C:\\laragon\\www\\music\\music\\app\\Views\\music_all_in_one.php')
 3 SYSTEMPATH\View\View.php(229): CodeIgniter\View\View->CodeIgniter\View\{closure}()
 4 SYSTEMPATH\Common.php(1188): CodeIgniter\View\View->render('music_all_in_one', [], true)
 5 APPPATH\Controllers\MusicController.php(66): view('music_all_in_one', [...])
 6 SYSTEMPATH\CodeIgniter.php(919): App\Controllers\MusicController->play('1')
 7 SYSTEMPATH\CodeIgniter.php(494): CodeIgniter\CodeIgniter->runController(Object(App\Controllers\MusicController))
 8 SYSTEMPATH\CodeIgniter.php(353): CodeIgniter\CodeIgniter->handleRequest(null, Object(Config\Cache), false)
 9 FCPATH\index.php(79): CodeIgniter\CodeIgniter->run()
10 SYSTEMPATH\Commands\Server\rewrite.php(47): require_once('C:\\laragon\\www\\music\\music\\public\\index.php')
CRITICAL - 2023-09-23 14:22:35 --> Undefined variable $music
in APPPATH\Views\music_all_in_one.php on line 14.
 1 APPPATH\Views\music_all_in_one.php(14): CodeIgniter\Debug\Exceptions->errorHandler(2, 'Undefined variable $music', 'C:\\laragon\\www\\music\\music\\app\\Views\\music_all_in_one.php', 14)
 2 SYSTEMPATH\View\View.php(226): include('C:\\laragon\\www\\music\\music\\app\\Views\\music_all_in_one.php')
 3 SYSTEMPATH\View\View.php(229): CodeIgniter\View\View->CodeIgniter\View\{closure}()
 4 SYSTEMPATH\Common.php(1188): CodeIgniter\View\View->render('music_all_in_one', [], true)
 5 APPPATH\Controllers\MusicController.php(80): view('music_all_in_one', [...])
 6 SYSTEMPATH\CodeIgniter.php(919): App\Controllers\MusicController->delete('1')
 7 SYSTEMPATH\CodeIgniter.php(494): CodeIgniter\CodeIgniter->runController(Object(App\Controllers\MusicController))
 8 SYSTEMPATH\CodeIgniter.php(353): CodeIgniter\CodeIgniter->handleRequest(null, Object(Config\Cache), false)
 9 FCPATH\index.php(79): CodeIgniter\CodeIgniter->run()
10 SYSTEMPATH\Commands\Server\rewrite.php(47): require_once('C:\\laragon\\www\\music\\music\\public\\index.php')
CRITICAL - 2023-09-23 14:45:49 --> Undefined array key "playlist"
in APPPATH\Views\music_all_in_one.php on line 156.
 1 APPPATH\Views\music_all_in_one.php(156): CodeIgniter\Debug\Exceptions->errorHandler(2, 'Undefined array key "playlist"', 'C:\\laragon\\www\\music\\music\\app\\Views\\music_all_in_one.php', 156)
 2 SYSTEMPATH\View\View.php(226): include('C:\\laragon\\www\\music\\music\\app\\Views\\music_all_in_one.php')
 3 SYSTEMPATH\View\View.php(229): CodeIgniter\View\View->CodeIgniter\View\{closure}()
 4 SYSTEMPATH\Common.php(1188): CodeIgniter\View\View->render('music_all_in_one', [], true)
 5 APPPATH\Controllers\MusicController.php(16): view('music_all_in_one', [...])
 6 SYSTEMPATH\CodeIgniter.php(919): App\Controllers\MusicController->index()
 7 SYSTEMPATH\CodeIgniter.php(494): CodeIgniter\CodeIgniter->runController(Object(App\Controllers\MusicController))
 8 SYSTEMPATH\CodeIgniter.php(353): CodeIgniter\CodeIgniter->handleRequest(null, Object(Config\Cache), false)
 9 FCPATH\index.php(79): CodeIgniter\CodeIgniter->run()
10 SYSTEMPATH\Commands\Server\rewrite.php(47): require_once('C:\\laragon\\www\\music\\music\\public\\index.php')
CRITICAL - 2023-09-23 14:46:35 --> Undefined array key "playlist"
in APPPATH\Views\music_all_in_one.php on line 156.
 1 APPPATH\Views\music_all_in_one.php(156): CodeIgniter\Debug\Exceptions->errorHandler(2, 'Undefined array key "playlist"', 'C:\\laragon\\www\\music\\music\\app\\Views\\music_all_in_one.php', 156)
 2 SYSTEMPATH\View\View.php(226): include('C:\\laragon\\www\\music\\music\\app\\Views\\music_all_in_one.php')
 3 SYSTEMPATH\View\View.php(229): CodeIgniter\View\View->CodeIgniter\View\{closure}()
 4 SYSTEMPATH\Common.php(1188): CodeIgniter\View\View->render('music_all_in_one', [], true)
 5 APPPATH\Controllers\MusicController.php(16): view('music_all_in_one', [...])
 6 SYSTEMPATH\CodeIgniter.php(919): App\Controllers\MusicController->index()
 7 SYSTEMPATH\CodeIgniter.php(494): CodeIgniter\CodeIgniter->runController(Object(App\Controllers\MusicController))
 8 SYSTEMPATH\CodeIgniter.php(353): CodeIgniter\CodeIgniter->handleRequest(null, Object(Config\Cache), false)
 9 FCPATH\index.php(79): CodeIgniter\CodeIgniter->run()
10 SYSTEMPATH\Commands\Server\rewrite.php(47): require_once('C:\\laragon\\www\\music\\music\\public\\index.php')
CRITICAL - 2023-09-23 14:55:58 --> Undefined variable $playlists
in APPPATH\Views\music_all_in_one.php on line 177.
 1 APPPATH\Views\music_all_in_one.php(177): CodeIgniter\Debug\Exceptions->errorHandler(2, 'Undefined variable $playlists', 'C:\\laragon\\www\\music\\music\\app\\Views\\music_all_in_one.php', 177)
 2 SYSTEMPATH\View\View.php(226): include('C:\\laragon\\www\\music\\music\\app\\Views\\music_all_in_one.php')
 3 SYSTEMPATH\View\View.php(229): CodeIgniter\View\View->CodeIgniter\View\{closure}()
 4 SYSTEMPATH\Common.php(1188): CodeIgniter\View\View->render('music_all_in_one', [], true)
 5 APPPATH\Controllers\MusicController.php(16): view('music_all_in_one', [...])
 6 SYSTEMPATH\CodeIgniter.php(919): App\Controllers\MusicController->index()
 7 SYSTEMPATH\CodeIgniter.php(494): CodeIgniter\CodeIgniter->runController(Object(App\Controllers\MusicController))
 8 SYSTEMPATH\CodeIgniter.php(353): CodeIgniter\CodeIgniter->handleRequest(null, Object(Config\Cache), false)
 9 FCPATH\index.php(79): CodeIgniter\CodeIgniter->run()
10 SYSTEMPATH\Commands\Server\rewrite.php(47): require_once('C:\\laragon\\www\\music\\music\\public\\index.php')
CRITICAL - 2023-09-23 14:57:03 --> Undefined variable $playlist
in APPPATH\Views\music_all_in_one.php on line 177.
 1 APPPATH\Views\music_all_in_one.php(177): CodeIgniter\Debug\Exceptions->errorHandler(2, 'Undefined variable $playlist', 'C:\\laragon\\www\\music\\music\\app\\Views\\music_all_in_one.php', 177)
 2 SYSTEMPATH\View\View.php(226): include('C:\\laragon\\www\\music\\music\\app\\Views\\music_all_in_one.php')
 3 SYSTEMPATH\View\View.php(229): CodeIgniter\View\View->CodeIgniter\View\{closure}()
 4 SYSTEMPATH\Common.php(1188): CodeIgniter\View\View->render('music_all_in_one', [], true)
 5 APPPATH\Controllers\MusicController.php(16): view('music_all_in_one', [...])
 6 SYSTEMPATH\CodeIgniter.php(919): App\Controllers\MusicController->index()
 7 SYSTEMPATH\CodeIgniter.php(494): CodeIgniter\CodeIgniter->runController(Object(App\Controllers\MusicController))
 8 SYSTEMPATH\CodeIgniter.php(353): CodeIgniter\CodeIgniter->handleRequest(null, Object(Config\Cache), false)
 9 FCPATH\index.php(79): CodeIgniter\CodeIgniter->run()
10 SYSTEMPATH\Commands\Server\rewrite.php(47): require_once('C:\\laragon\\www\\music\\music\\public\\index.php')
CRITICAL - 2023-09-23 14:58:49 --> Undefined variable $playlists
in APPPATH\Views\music_all_in_one.php on line 177.
 1 APPPATH\Views\music_all_in_one.php(177): CodeIgniter\Debug\Exceptions->errorHandler(2, 'Undefined variable $playlists', 'C:\\laragon\\www\\music\\music\\app\\Views\\music_all_in_one.php', 177)
 2 SYSTEMPATH\View\View.php(226): include('C:\\laragon\\www\\music\\music\\app\\Views\\music_all_in_one.php')
 3 SYSTEMPATH\View\View.php(229): CodeIgniter\View\View->CodeIgniter\View\{closure}()
 4 SYSTEMPATH\Common.php(1188): CodeIgniter\View\View->render('music_all_in_one', [], true)
 5 APPPATH\Controllers\MusicController.php(16): view('music_all_in_one', [...])
 6 SYSTEMPATH\CodeIgniter.php(919): App\Controllers\MusicController->index()
 7 SYSTEMPATH\CodeIgniter.php(494): CodeIgniter\CodeIgniter->runController(Object(App\Controllers\MusicController))
 8 SYSTEMPATH\CodeIgniter.php(353): CodeIgniter\CodeIgniter->handleRequest(null, Object(Config\Cache), false)
 9 FCPATH\index.php(79): CodeIgniter\CodeIgniter->run()
10 SYSTEMPATH\Commands\Server\rewrite.php(47): require_once('C:\\laragon\\www\\music\\music\\public\\index.php')
CRITICAL - 2023-09-23 15:03:25 --> syntax error, unexpected token "return", expecting "function" or "const"
in APPPATH\Controllers\MusicController.php on line 64.
 1 SYSTEMPATH\Autoloader\Autoloader.php(285): CodeIgniter\Autoloader\Autoloader->includeFile('C:\\laragon\\www\\music\\music\\app\\Controllers\\MusicController.php')
 2 SYSTEMPATH\Autoloader\Autoloader.php(263): CodeIgniter\Autoloader\Autoloader->loadInNamespace('App\\Controllers\\MusicController')
 3 [internal function]: CodeIgniter\Autoloader\Autoloader->loadClass('App\\Controllers\\MusicController')
 4 SYSTEMPATH\CodeIgniter.php(877): class_exists('\\App\\Controllers\\MusicController', true)
 5 SYSTEMPATH\CodeIgniter.php(481): CodeIgniter\CodeIgniter->startController()
 6 SYSTEMPATH\CodeIgniter.php(353): CodeIgniter\CodeIgniter->handleRequest(null, Object(Config\Cache), false)
 7 FCPATH\index.php(79): CodeIgniter\CodeIgniter->run()
 8 SYSTEMPATH\Commands\Server\rewrite.php(47): require_once('C:\\laragon\\www\\music\\music\\public\\index.php')
CRITICAL - 2023-09-23 15:03:47 --> Undefined variable $playlists
in APPPATH\Views\music_all_in_one.php on line 177.
 1 APPPATH\Views\music_all_in_one.php(177): CodeIgniter\Debug\Exceptions->errorHandler(2, 'Undefined variable $playlists', 'C:\\laragon\\www\\music\\music\\app\\Views\\music_all_in_one.php', 177)
 2 SYSTEMPATH\View\View.php(226): include('C:\\laragon\\www\\music\\music\\app\\Views\\music_all_in_one.php')
 3 SYSTEMPATH\View\View.php(229): CodeIgniter\View\View->CodeIgniter\View\{closure}()
 4 SYSTEMPATH\Common.php(1188): CodeIgniter\View\View->render('music_all_in_one', [], true)
 5 APPPATH\Controllers\MusicController.php(16): view('music_all_in_one', [...])
 6 SYSTEMPATH\CodeIgniter.php(919): App\Controllers\MusicController->index()
 7 SYSTEMPATH\CodeIgniter.php(494): CodeIgniter\CodeIgniter->runController(Object(App\Controllers\MusicController))
 8 SYSTEMPATH\CodeIgniter.php(353): CodeIgniter\CodeIgniter->handleRequest(null, Object(Config\Cache), false)
 9 FCPATH\index.php(79): CodeIgniter\CodeIgniter->run()
10 SYSTEMPATH\Commands\Server\rewrite.php(47): require_once('C:\\laragon\\www\\music\\music\\public\\index.php')
CRITICAL - 2023-09-23 15:06:04 --> Undefined variable $playlists
in APPPATH\Views\music_all_in_one.php on line 177.
 1 APPPATH\Views\music_all_in_one.php(177): CodeIgniter\Debug\Exceptions->errorHandler(2, 'Undefined variable $playlists', 'C:\\laragon\\www\\music\\music\\app\\Views\\music_all_in_one.php', 177)
 2 SYSTEMPATH\View\View.php(226): include('C:\\laragon\\www\\music\\music\\app\\Views\\music_all_in_one.php')
 3 SYSTEMPATH\View\View.php(229): CodeIgniter\View\View->CodeIgniter\View\{closure}()
 4 SYSTEMPATH\Common.php(1188): CodeIgniter\View\View->render('music_all_in_one', [], true)
 5 APPPATH\Controllers\MusicController.php(16): view('music_all_in_one', [...])
 6 SYSTEMPATH\CodeIgniter.php(919): App\Controllers\MusicController->index()
 7 SYSTEMPATH\CodeIgniter.php(494): CodeIgniter\CodeIgniter->runController(Object(App\Controllers\MusicController))
 8 SYSTEMPATH\CodeIgniter.php(353): CodeIgniter\CodeIgniter->handleRequest(null, Object(Config\Cache), false)
 9 FCPATH\index.php(79): CodeIgniter\CodeIgniter->run()
10 SYSTEMPATH\Commands\Server\rewrite.php(47): require_once('C:\\laragon\\www\\music\\music\\public\\index.php')
CRITICAL - 2023-09-23 15:08:48 --> Undefined variable $playlists
in APPPATH\Views\music_all_in_one.php on line 177.
 1 APPPATH\Views\music_all_in_one.php(177): CodeIgniter\Debug\Exceptions->errorHandler(2, 'Undefined variable $playlists', 'C:\\laragon\\www\\music\\music\\app\\Views\\music_all_in_one.php', 177)
 2 SYSTEMPATH\View\View.php(226): include('C:\\laragon\\www\\music\\music\\app\\Views\\music_all_in_one.php')
 3 SYSTEMPATH\View\View.php(229): CodeIgniter\View\View->CodeIgniter\View\{closure}()
 4 SYSTEMPATH\Common.php(1188): CodeIgniter\View\View->render('music_all_in_one', [], true)
 5 APPPATH\Controllers\MusicController.php(16): view('music_all_in_one', [...])
 6 SYSTEMPATH\CodeIgniter.php(919): App\Controllers\MusicController->index()
 7 SYSTEMPATH\CodeIgniter.php(494): CodeIgniter\CodeIgniter->runController(Object(App\Controllers\MusicController))
 8 SYSTEMPATH\CodeIgniter.php(353): CodeIgniter\CodeIgniter->handleRequest(null, Object(Config\Cache), false)
 9 FCPATH\index.php(79): CodeIgniter\CodeIgniter->run()
10 SYSTEMPATH\Commands\Server\rewrite.php(47): require_once('C:\\laragon\\www\\music\\music\\public\\index.php')
CRITICAL - 2023-09-23 15:08:49 --> Undefined variable $playlists
in APPPATH\Views\music_all_in_one.php on line 177.
 1 APPPATH\Views\music_all_in_one.php(177): CodeIgniter\Debug\Exceptions->errorHandler(2, 'Undefined variable $playlists', 'C:\\laragon\\www\\music\\music\\app\\Views\\music_all_in_one.php', 177)
 2 SYSTEMPATH\View\View.php(226): include('C:\\laragon\\www\\music\\music\\app\\Views\\music_all_in_one.php')
 3 SYSTEMPATH\View\View.php(229): CodeIgniter\View\View->CodeIgniter\View\{closure}()
 4 SYSTEMPATH\Common.php(1188): CodeIgniter\View\View->render('music_all_in_one', [], true)
 5 APPPATH\Controllers\MusicController.php(16): view('music_all_in_one', [...])
 6 SYSTEMPATH\CodeIgniter.php(919): App\Controllers\MusicController->index()
 7 SYSTEMPATH\CodeIgniter.php(494): CodeIgniter\CodeIgniter->runController(Object(App\Controllers\MusicController))
 8 SYSTEMPATH\CodeIgniter.php(353): CodeIgniter\CodeIgniter->handleRequest(null, Object(Config\Cache), false)
 9 FCPATH\index.php(79): CodeIgniter\CodeIgniter->run()
10 SYSTEMPATH\Commands\Server\rewrite.php(47): require_once('C:\\laragon\\www\\music\\music\\public\\index.php')
CRITICAL - 2023-09-23 15:08:50 --> Undefined variable $playlists
in APPPATH\Views\music_all_in_one.php on line 177.
 1 APPPATH\Views\music_all_in_one.php(177): CodeIgniter\Debug\Exceptions->errorHandler(2, 'Undefined variable $playlists', 'C:\\laragon\\www\\music\\music\\app\\Views\\music_all_in_one.php', 177)
 2 SYSTEMPATH\View\View.php(226): include('C:\\laragon\\www\\music\\music\\app\\Views\\music_all_in_one.php')
 3 SYSTEMPATH\View\View.php(229): CodeIgniter\View\View->CodeIgniter\View\{closure}()
 4 SYSTEMPATH\Common.php(1188): CodeIgniter\View\View->render('music_all_in_one', [], true)
 5 APPPATH\Controllers\MusicController.php(16): view('music_all_in_one', [...])
 6 SYSTEMPATH\CodeIgniter.php(919): App\Controllers\MusicController->index()
 7 SYSTEMPATH\CodeIgniter.php(494): CodeIgniter\CodeIgniter->runController(Object(App\Controllers\MusicController))
 8 SYSTEMPATH\CodeIgniter.php(353): CodeIgniter\CodeIgniter->handleRequest(null, Object(Config\Cache), false)
 9 FCPATH\index.php(79): CodeIgniter\CodeIgniter->run()
10 SYSTEMPATH\Commands\Server\rewrite.php(47): require_once('C:\\laragon\\www\\music\\music\\public\\index.php')
CRITICAL - 2023-09-23 15:08:50 --> Undefined variable $playlists
in APPPATH\Views\music_all_in_one.php on line 177.
 1 APPPATH\Views\music_all_in_one.php(177): CodeIgniter\Debug\Exceptions->errorHandler(2, 'Undefined variable $playlists', 'C:\\laragon\\www\\music\\music\\app\\Views\\music_all_in_one.php', 177)
 2 SYSTEMPATH\View\View.php(226): include('C:\\laragon\\www\\music\\music\\app\\Views\\music_all_in_one.php')
 3 SYSTEMPATH\View\View.php(229): CodeIgniter\View\View->CodeIgniter\View\{closure}()
 4 SYSTEMPATH\Common.php(1188): CodeIgniter\View\View->render('music_all_in_one', [], true)
 5 APPPATH\Controllers\MusicController.php(16): view('music_all_in_one', [...])
 6 SYSTEMPATH\CodeIgniter.php(919): App\Controllers\MusicController->index()
 7 SYSTEMPATH\CodeIgniter.php(494): CodeIgniter\CodeIgniter->runController(Object(App\Controllers\MusicController))
 8 SYSTEMPATH\CodeIgniter.php(353): CodeIgniter\CodeIgniter->handleRequest(null, Object(Config\Cache), false)
 9 FCPATH\index.php(79): CodeIgniter\CodeIgniter->run()
10 SYSTEMPATH\Commands\Server\rewrite.php(47): require_once('C:\\laragon\\www\\music\\music\\public\\index.php')
CRITICAL - 2023-09-23 15:08:50 --> Undefined variable $playlists
in APPPATH\Views\music_all_in_one.php on line 177.
 1 APPPATH\Views\music_all_in_one.php(177): CodeIgniter\Debug\Exceptions->errorHandler(2, 'Undefined variable $playlists', 'C:\\laragon\\www\\music\\music\\app\\Views\\music_all_in_one.php', 177)
 2 SYSTEMPATH\View\View.php(226): include('C:\\laragon\\www\\music\\music\\app\\Views\\music_all_in_one.php')
 3 SYSTEMPATH\View\View.php(229): CodeIgniter\View\View->CodeIgniter\View\{closure}()
 4 SYSTEMPATH\Common.php(1188): CodeIgniter\View\View->render('music_all_in_one', [], true)
 5 APPPATH\Controllers\MusicController.php(16): view('music_all_in_one', [...])
 6 SYSTEMPATH\CodeIgniter.php(919): App\Controllers\MusicController->index()
 7 SYSTEMPATH\CodeIgniter.php(494): CodeIgniter\CodeIgniter->runController(Object(App\Controllers\MusicController))
 8 SYSTEMPATH\CodeIgniter.php(353): CodeIgniter\CodeIgniter->handleRequest(null, Object(Config\Cache), false)
 9 FCPATH\index.php(79): CodeIgniter\CodeIgniter->run()
10 SYSTEMPATH\Commands\Server\rewrite.php(47): require_once('C:\\laragon\\www\\music\\music\\public\\index.php')
CRITICAL - 2023-09-23 15:08:51 --> Undefined variable $playlists
in APPPATH\Views\music_all_in_one.php on line 177.
 1 APPPATH\Views\music_all_in_one.php(177): CodeIgniter\Debug\Exceptions->errorHandler(2, 'Undefined variable $playlists', 'C:\\laragon\\www\\music\\music\\app\\Views\\music_all_in_one.php', 177)
 2 SYSTEMPATH\View\View.php(226): include('C:\\laragon\\www\\music\\music\\app\\Views\\music_all_in_one.php')
 3 SYSTEMPATH\View\View.php(229): CodeIgniter\View\View->CodeIgniter\View\{closure}()
 4 SYSTEMPATH\Common.php(1188): CodeIgniter\View\View->render('music_all_in_one', [], true)
 5 APPPATH\Controllers\MusicController.php(16): view('music_all_in_one', [...])
 6 SYSTEMPATH\CodeIgniter.php(919): App\Controllers\MusicController->index()
 7 SYSTEMPATH\CodeIgniter.php(494): CodeIgniter\CodeIgniter->runController(Object(App\Controllers\MusicController))
 8 SYSTEMPATH\CodeIgniter.php(353): CodeIgniter\CodeIgniter->handleRequest(null, Object(Config\Cache), false)
 9 FCPATH\index.php(79): CodeIgniter\CodeIgniter->run()
10 SYSTEMPATH\Commands\Server\rewrite.php(47): require_once('C:\\laragon\\www\\music\\music\\public\\index.php')
CRITICAL - 2023-09-23 15:08:51 --> Undefined variable $playlists
in APPPATH\Views\music_all_in_one.php on line 177.
 1 APPPATH\Views\music_all_in_one.php(177): CodeIgniter\Debug\Exceptions->errorHandler(2, 'Undefined variable $playlists', 'C:\\laragon\\www\\music\\music\\app\\Views\\music_all_in_one.php', 177)
 2 SYSTEMPATH\View\View.php(226): include('C:\\laragon\\www\\music\\music\\app\\Views\\music_all_in_one.php')
 3 SYSTEMPATH\View\View.php(229): CodeIgniter\View\View->CodeIgniter\View\{closure}()
 4 SYSTEMPATH\Common.php(1188): CodeIgniter\View\View->render('music_all_in_one', [], true)
 5 APPPATH\Controllers\MusicController.php(16): view('music_all_in_one', [...])
 6 SYSTEMPATH\CodeIgniter.php(919): App\Controllers\MusicController->index()
 7 SYSTEMPATH\CodeIgniter.php(494): CodeIgniter\CodeIgniter->runController(Object(App\Controllers\MusicController))
 8 SYSTEMPATH\CodeIgniter.php(353): CodeIgniter\CodeIgniter->handleRequest(null, Object(Config\Cache), false)
 9 FCPATH\index.php(79): CodeIgniter\CodeIgniter->run()
10 SYSTEMPATH\Commands\Server\rewrite.php(47): require_once('C:\\laragon\\www\\music\\music\\public\\index.php')
CRITICAL - 2023-09-23 15:08:51 --> Undefined variable $playlists
in APPPATH\Views\music_all_in_one.php on line 177.
 1 APPPATH\Views\music_all_in_one.php(177): CodeIgniter\Debug\Exceptions->errorHandler(2, 'Undefined variable $playlists', 'C:\\laragon\\www\\music\\music\\app\\Views\\music_all_in_one.php', 177)
 2 SYSTEMPATH\View\View.php(226): include('C:\\laragon\\www\\music\\music\\app\\Views\\music_all_in_one.php')
 3 SYSTEMPATH\View\View.php(229): CodeIgniter\View\View->CodeIgniter\View\{closure}()
 4 SYSTEMPATH\Common.php(1188): CodeIgniter\View\View->render('music_all_in_one', [], true)
 5 APPPATH\Controllers\MusicController.php(16): view('music_all_in_one', [...])
 6 SYSTEMPATH\CodeIgniter.php(919): App\Controllers\MusicController->index()
 7 SYSTEMPATH\CodeIgniter.php(494): CodeIgniter\CodeIgniter->runController(Object(App\Controllers\MusicController))
 8 SYSTEMPATH\CodeIgniter.php(353): CodeIgniter\CodeIgniter->handleRequest(null, Object(Config\Cache), false)
 9 FCPATH\index.php(79): CodeIgniter\CodeIgniter->run()
10 SYSTEMPATH\Commands\Server\rewrite.php(47): require_once('C:\\laragon\\www\\music\\music\\public\\index.php')
CRITICAL - 2023-09-23 15:09:42 --> Undefined variable $playlists
in APPPATH\Views\music_all_in_one.php on line 177.
 1 APPPATH\Views\music_all_in_one.php(177): CodeIgniter\Debug\Exceptions->errorHandler(2, 'Undefined variable $playlists', 'C:\\laragon\\www\\music\\music\\app\\Views\\music_all_in_one.php', 177)
 2 SYSTEMPATH\View\View.php(226): include('C:\\laragon\\www\\music\\music\\app\\Views\\music_all_in_one.php')
 3 SYSTEMPATH\View\View.php(229): CodeIgniter\View\View->CodeIgniter\View\{closure}()
 4 SYSTEMPATH\Common.php(1188): CodeIgniter\View\View->render('music_all_in_one', [], true)
 5 APPPATH\Controllers\MusicController.php(16): view('music_all_in_one', [...])
 6 SYSTEMPATH\CodeIgniter.php(919): App\Controllers\MusicController->index()
 7 SYSTEMPATH\CodeIgniter.php(494): CodeIgniter\CodeIgniter->runController(Object(App\Controllers\MusicController))
 8 SYSTEMPATH\CodeIgniter.php(353): CodeIgniter\CodeIgniter->handleRequest(null, Object(Config\Cache), false)
 9 FCPATH\index.php(79): CodeIgniter\CodeIgniter->run()
10 SYSTEMPATH\Commands\Server\rewrite.php(47): require_once('C:\\laragon\\www\\music\\music\\public\\index.php')
CRITICAL - 2023-09-23 15:11:53 --> Undefined variable $playlists
in APPPATH\Views\music_all_in_one.php on line 177.
 1 APPPATH\Views\music_all_in_one.php(177): CodeIgniter\Debug\Exceptions->errorHandler(2, 'Undefined variable $playlists', 'C:\\laragon\\www\\music\\music\\app\\Views\\music_all_in_one.php', 177)
 2 SYSTEMPATH\View\View.php(226): include('C:\\laragon\\www\\music\\music\\app\\Views\\music_all_in_one.php')
 3 SYSTEMPATH\View\View.php(229): CodeIgniter\View\View->CodeIgniter\View\{closure}()
 4 SYSTEMPATH\Common.php(1188): CodeIgniter\View\View->render('music_all_in_one', [], true)
 5 APPPATH\Controllers\MusicController.php(16): view('music_all_in_one', [...])
 6 SYSTEMPATH\CodeIgniter.php(919): App\Controllers\MusicController->index()
 7 SYSTEMPATH\CodeIgniter.php(494): CodeIgniter\CodeIgniter->runController(Object(App\Controllers\MusicController))
 8 SYSTEMPATH\CodeIgniter.php(353): CodeIgniter\CodeIgniter->handleRequest(null, Object(Config\Cache), false)
 9 FCPATH\index.php(79): CodeIgniter\CodeIgniter->run()
10 SYSTEMPATH\Commands\Server\rewrite.php(47): require_once('C:\\laragon\\www\\music\\music\\public\\index.php')
CRITICAL - 2023-09-23 15:11:54 --> Undefined variable $playlists
in APPPATH\Views\music_all_in_one.php on line 177.
 1 APPPATH\Views\music_all_in_one.php(177): CodeIgniter\Debug\Exceptions->errorHandler(2, 'Undefined variable $playlists', 'C:\\laragon\\www\\music\\music\\app\\Views\\music_all_in_one.php', 177)
 2 SYSTEMPATH\View\View.php(226): include('C:\\laragon\\www\\music\\music\\app\\Views\\music_all_in_one.php')
 3 SYSTEMPATH\View\View.php(229): CodeIgniter\View\View->CodeIgniter\View\{closure}()
 4 SYSTEMPATH\Common.php(1188): CodeIgniter\View\View->render('music_all_in_one', [], true)
 5 APPPATH\Controllers\MusicController.php(16): view('music_all_in_one', [...])
 6 SYSTEMPATH\CodeIgniter.php(919): App\Controllers\MusicController->index()
 7 SYSTEMPATH\CodeIgniter.php(494): CodeIgniter\CodeIgniter->runController(Object(App\Controllers\MusicController))
 8 SYSTEMPATH\CodeIgniter.php(353): CodeIgniter\CodeIgniter->handleRequest(null, Object(Config\Cache), false)
 9 FCPATH\index.php(79): CodeIgniter\CodeIgniter->run()
10 SYSTEMPATH\Commands\Server\rewrite.php(47): require_once('C:\\laragon\\www\\music\\music\\public\\index.php')
CRITICAL - 2023-09-23 15:11:54 --> Undefined variable $playlists
in APPPATH\Views\music_all_in_one.php on line 177.
 1 APPPATH\Views\music_all_in_one.php(177): CodeIgniter\Debug\Exceptions->errorHandler(2, 'Undefined variable $playlists', 'C:\\laragon\\www\\music\\music\\app\\Views\\music_all_in_one.php', 177)
 2 SYSTEMPATH\View\View.php(226): include('C:\\laragon\\www\\music\\music\\app\\Views\\music_all_in_one.php')
 3 SYSTEMPATH\View\View.php(229): CodeIgniter\View\View->CodeIgniter\View\{closure}()
 4 SYSTEMPATH\Common.php(1188): CodeIgniter\View\View->render('music_all_in_one', [], true)
 5 APPPATH\Controllers\MusicController.php(16): view('music_all_in_one', [...])
 6 SYSTEMPATH\CodeIgniter.php(919): App\Controllers\MusicController->index()
 7 SYSTEMPATH\CodeIgniter.php(494): CodeIgniter\CodeIgniter->runController(Object(App\Controllers\MusicController))
 8 SYSTEMPATH\CodeIgniter.php(353): CodeIgniter\CodeIgniter->handleRequest(null, Object(Config\Cache), false)
 9 FCPATH\index.php(79): CodeIgniter\CodeIgniter->run()
10 SYSTEMPATH\Commands\Server\rewrite.php(47): require_once('C:\\laragon\\www\\music\\music\\public\\index.php')
CRITICAL - 2023-09-23 15:11:54 --> Undefined variable $playlists
in APPPATH\Views\music_all_in_one.php on line 177.
 1 APPPATH\Views\music_all_in_one.php(177): CodeIgniter\Debug\Exceptions->errorHandler(2, 'Undefined variable $playlists', 'C:\\laragon\\www\\music\\music\\app\\Views\\music_all_in_one.php', 177)
 2 SYSTEMPATH\View\View.php(226): include('C:\\laragon\\www\\music\\music\\app\\Views\\music_all_in_one.php')
 3 SYSTEMPATH\View\View.php(229): CodeIgniter\View\View->CodeIgniter\View\{closure}()
 4 SYSTEMPATH\Common.php(1188): CodeIgniter\View\View->render('music_all_in_one', [], true)
 5 APPPATH\Controllers\MusicController.php(16): view('music_all_in_one', [...])
 6 SYSTEMPATH\CodeIgniter.php(919): App\Controllers\MusicController->index()
 7 SYSTEMPATH\CodeIgniter.php(494): CodeIgniter\CodeIgniter->runController(Object(App\Controllers\MusicController))
 8 SYSTEMPATH\CodeIgniter.php(353): CodeIgniter\CodeIgniter->handleRequest(null, Object(Config\Cache), false)
 9 FCPATH\index.php(79): CodeIgniter\CodeIgniter->run()
10 SYSTEMPATH\Commands\Server\rewrite.php(47): require_once('C:\\laragon\\www\\music\\music\\public\\index.php')
CRITICAL - 2023-09-23 15:17:48 --> Undefined variable $playlists
in APPPATH\Views\music_all_in_one.php on line 177.
 1 APPPATH\Views\music_all_in_one.php(177): CodeIgniter\Debug\Exceptions->errorHandler(2, 'Undefined variable $playlists', 'C:\\laragon\\www\\music\\music\\app\\Views\\music_all_in_one.php', 177)
 2 SYSTEMPATH\View\View.php(226): include('C:\\laragon\\www\\music\\music\\app\\Views\\music_all_in_one.php')
 3 SYSTEMPATH\View\View.php(229): CodeIgniter\View\View->CodeIgniter\View\{closure}()
 4 SYSTEMPATH\Common.php(1188): CodeIgniter\View\View->render('music_all_in_one', [], true)
 5 APPPATH\Controllers\MusicController.php(16): view('music_all_in_one', [...])
 6 SYSTEMPATH\CodeIgniter.php(919): App\Controllers\MusicController->index()
 7 SYSTEMPATH\CodeIgniter.php(494): CodeIgniter\CodeIgniter->runController(Object(App\Controllers\MusicController))
 8 SYSTEMPATH\CodeIgniter.php(353): CodeIgniter\CodeIgniter->handleRequest(null, Object(Config\Cache), false)
 9 FCPATH\index.php(79): CodeIgniter\CodeIgniter->run()
10 SYSTEMPATH\Commands\Server\rewrite.php(47): require_once('C:\\laragon\\www\\music\\music\\public\\index.php')
CRITICAL - 2023-09-23 15:17:49 --> Undefined variable $playlists
in APPPATH\Views\music_all_in_one.php on line 177.
 1 APPPATH\Views\music_all_in_one.php(177): CodeIgniter\Debug\Exceptions->errorHandler(2, 'Undefined variable $playlists', 'C:\\laragon\\www\\music\\music\\app\\Views\\music_all_in_one.php', 177)
 2 SYSTEMPATH\View\View.php(226): include('C:\\laragon\\www\\music\\music\\app\\Views\\music_all_in_one.php')
 3 SYSTEMPATH\View\View.php(229): CodeIgniter\View\View->CodeIgniter\View\{closure}()
 4 SYSTEMPATH\Common.php(1188): CodeIgniter\View\View->render('music_all_in_one', [], true)
 5 APPPATH\Controllers\MusicController.php(16): view('music_all_in_one', [...])
 6 SYSTEMPATH\CodeIgniter.php(919): App\Controllers\MusicController->index()
 7 SYSTEMPATH\CodeIgniter.php(494): CodeIgniter\CodeIgniter->runController(Object(App\Controllers\MusicController))
 8 SYSTEMPATH\CodeIgniter.php(353): CodeIgniter\CodeIgniter->handleRequest(null, Object(Config\Cache), false)
 9 FCPATH\index.php(79): CodeIgniter\CodeIgniter->run()
10 SYSTEMPATH\Commands\Server\rewrite.php(47): require_once('C:\\laragon\\www\\music\\music\\public\\index.php')
CRITICAL - 2023-09-23 15:17:49 --> Undefined variable $playlists
in APPPATH\Views\music_all_in_one.php on line 177.
 1 APPPATH\Views\music_all_in_one.php(177): CodeIgniter\Debug\Exceptions->errorHandler(2, 'Undefined variable $playlists', 'C:\\laragon\\www\\music\\music\\app\\Views\\music_all_in_one.php', 177)
 2 SYSTEMPATH\View\View.php(226): include('C:\\laragon\\www\\music\\music\\app\\Views\\music_all_in_one.php')
 3 SYSTEMPATH\View\View.php(229): CodeIgniter\View\View->CodeIgniter\View\{closure}()
 4 SYSTEMPATH\Common.php(1188): CodeIgniter\View\View->render('music_all_in_one', [], true)
 5 APPPATH\Controllers\MusicController.php(16): view('music_all_in_one', [...])
 6 SYSTEMPATH\CodeIgniter.php(919): App\Controllers\MusicController->index()
 7 SYSTEMPATH\CodeIgniter.php(494): CodeIgniter\CodeIgniter->runController(Object(App\Controllers\MusicController))
 8 SYSTEMPATH\CodeIgniter.php(353): CodeIgniter\CodeIgniter->handleRequest(null, Object(Config\Cache), false)
 9 FCPATH\index.php(79): CodeIgniter\CodeIgniter->run()
10 SYSTEMPATH\Commands\Server\rewrite.php(47): require_once('C:\\laragon\\www\\music\\music\\public\\index.php')
CRITICAL - 2023-09-23 15:18:00 --> Undefined variable $playlists
in APPPATH\Views\music_all_in_one.php on line 177.
 1 APPPATH\Views\music_all_in_one.php(177): CodeIgniter\Debug\Exceptions->errorHandler(2, 'Undefined variable $playlists', 'C:\\laragon\\www\\music\\music\\app\\Views\\music_all_in_one.php', 177)
 2 SYSTEMPATH\View\View.php(226): include('C:\\laragon\\www\\music\\music\\app\\Views\\music_all_in_one.php')
 3 SYSTEMPATH\View\View.php(229): CodeIgniter\View\View->CodeIgniter\View\{closure}()
 4 SYSTEMPATH\Common.php(1188): CodeIgniter\View\View->render('music_all_in_one', [], true)
 5 APPPATH\Controllers\MusicController.php(16): view('music_all_in_one', [...])
 6 SYSTEMPATH\CodeIgniter.php(919): App\Controllers\MusicController->index()
 7 SYSTEMPATH\CodeIgniter.php(494): CodeIgniter\CodeIgniter->runController(Object(App\Controllers\MusicController))
 8 SYSTEMPATH\CodeIgniter.php(353): CodeIgniter\CodeIgniter->handleRequest(null, Object(Config\Cache), false)
 9 FCPATH\index.php(79): CodeIgniter\CodeIgniter->run()
10 SYSTEMPATH\Commands\Server\rewrite.php(47): require_once('C:\\laragon\\www\\music\\music\\public\\index.php')
CRITICAL - 2023-09-23 15:18:37 --> Undefined variable $playlists
in APPPATH\Views\music_all_in_one.php on line 178.
 1 APPPATH\Views\music_all_in_one.php(178): CodeIgniter\Debug\Exceptions->errorHandler(2, 'Undefined variable $playlists', 'C:\\laragon\\www\\music\\music\\app\\Views\\music_all_in_one.php', 178)
 2 SYSTEMPATH\View\View.php(226): include('C:\\laragon\\www\\music\\music\\app\\Views\\music_all_in_one.php')
 3 SYSTEMPATH\View\View.php(229): CodeIgniter\View\View->CodeIgniter\View\{closure}()
 4 SYSTEMPATH\Common.php(1188): CodeIgniter\View\View->render('music_all_in_one', [], true)
 5 APPPATH\Controllers\MusicController.php(16): view('music_all_in_one', [...])
 6 SYSTEMPATH\CodeIgniter.php(919): App\Controllers\MusicController->index()
 7 SYSTEMPATH\CodeIgniter.php(494): CodeIgniter\CodeIgniter->runController(Object(App\Controllers\MusicController))
 8 SYSTEMPATH\CodeIgniter.php(353): CodeIgniter\CodeIgniter->handleRequest(null, Object(Config\Cache), false)
 9 FCPATH\index.php(79): CodeIgniter\CodeIgniter->run()
10 SYSTEMPATH\Commands\Server\rewrite.php(47): require_once('C:\\laragon\\www\\music\\music\\public\\index.php')
CRITICAL - 2023-09-23 15:20:52 --> Undefined variable $playlists
in APPPATH\Views\music_all_in_one.php on line 177.
 1 APPPATH\Views\music_all_in_one.php(177): CodeIgniter\Debug\Exceptions->errorHandler(2, 'Undefined variable $playlists', 'C:\\laragon\\www\\music\\music\\app\\Views\\music_all_in_one.php', 177)
 2 SYSTEMPATH\View\View.php(226): include('C:\\laragon\\www\\music\\music\\app\\Views\\music_all_in_one.php')
 3 SYSTEMPATH\View\View.php(229): CodeIgniter\View\View->CodeIgniter\View\{closure}()
 4 SYSTEMPATH\Common.php(1188): CodeIgniter\View\View->render('music_all_in_one', [], true)
 5 APPPATH\Controllers\MusicController.php(18): view('music_all_in_one', [...])
 6 SYSTEMPATH\CodeIgniter.php(919): App\Controllers\MusicController->index()
 7 SYSTEMPATH\CodeIgniter.php(494): CodeIgniter\CodeIgniter->runController(Object(App\Controllers\MusicController))
 8 SYSTEMPATH\CodeIgniter.php(353): CodeIgniter\CodeIgniter->handleRequest(null, Object(Config\Cache), false)
 9 FCPATH\index.php(79): CodeIgniter\CodeIgniter->run()
10 SYSTEMPATH\Commands\Server\rewrite.php(47): require_once('C:\\laragon\\www\\music\\music\\public\\index.php')
CRITICAL - 2023-09-23 15:21:48 --> Undefined variable $playlists
in APPPATH\Views\music_all_in_one.php on line 177.
 1 APPPATH\Views\music_all_in_one.php(177): CodeIgniter\Debug\Exceptions->errorHandler(2, 'Undefined variable $playlists', 'C:\\laragon\\www\\music\\music\\app\\Views\\music_all_in_one.php', 177)
 2 SYSTEMPATH\View\View.php(226): include('C:\\laragon\\www\\music\\music\\app\\Views\\music_all_in_one.php')
 3 SYSTEMPATH\View\View.php(229): CodeIgniter\View\View->CodeIgniter\View\{closure}()
 4 SYSTEMPATH\Common.php(1188): CodeIgniter\View\View->render('music_all_in_one', [], true)
 5 APPPATH\Controllers\MusicController.php(17): view('music_all_in_one', [...])
 6 SYSTEMPATH\CodeIgniter.php(919): App\Controllers\MusicController->index()
 7 SYSTEMPATH\CodeIgniter.php(494): CodeIgniter\CodeIgniter->runController(Object(App\Controllers\MusicController))
 8 SYSTEMPATH\CodeIgniter.php(353): CodeIgniter\CodeIgniter->handleRequest(null, Object(Config\Cache), false)
 9 FCPATH\index.php(79): CodeIgniter\CodeIgniter->run()
10 SYSTEMPATH\Commands\Server\rewrite.php(47): require_once('C:\\laragon\\www\\music\\music\\public\\index.php')
CRITICAL - 2023-09-23 15:21:49 --> Undefined variable $playlists
in APPPATH\Views\music_all_in_one.php on line 177.
 1 APPPATH\Views\music_all_in_one.php(177): CodeIgniter\Debug\Exceptions->errorHandler(2, 'Undefined variable $playlists', 'C:\\laragon\\www\\music\\music\\app\\Views\\music_all_in_one.php', 177)
 2 SYSTEMPATH\View\View.php(226): include('C:\\laragon\\www\\music\\music\\app\\Views\\music_all_in_one.php')
 3 SYSTEMPATH\View\View.php(229): CodeIgniter\View\View->CodeIgniter\View\{closure}()
 4 SYSTEMPATH\Common.php(1188): CodeIgniter\View\View->render('music_all_in_one', [], true)
 5 APPPATH\Controllers\MusicController.php(17): view('music_all_in_one', [...])
 6 SYSTEMPATH\CodeIgniter.php(919): App\Controllers\MusicController->index()
 7 SYSTEMPATH\CodeIgniter.php(494): CodeIgniter\CodeIgniter->runController(Object(App\Controllers\MusicController))
 8 SYSTEMPATH\CodeIgniter.php(353): CodeIgniter\CodeIgniter->handleRequest(null, Object(Config\Cache), false)
 9 FCPATH\index.php(79): CodeIgniter\CodeIgniter->run()
10 SYSTEMPATH\Commands\Server\rewrite.php(47): require_once('C:\\laragon\\www\\music\\music\\public\\index.php')
CRITICAL - 2023-09-23 15:21:49 --> Undefined variable $playlists
in APPPATH\Views\music_all_in_one.php on line 177.
 1 APPPATH\Views\music_all_in_one.php(177): CodeIgniter\Debug\Exceptions->errorHandler(2, 'Undefined variable $playlists', 'C:\\laragon\\www\\music\\music\\app\\Views\\music_all_in_one.php', 177)
 2 SYSTEMPATH\View\View.php(226): include('C:\\laragon\\www\\music\\music\\app\\Views\\music_all_in_one.php')
 3 SYSTEMPATH\View\View.php(229): CodeIgniter\View\View->CodeIgniter\View\{closure}()
 4 SYSTEMPATH\Common.php(1188): CodeIgniter\View\View->render('music_all_in_one', [], true)
 5 APPPATH\Controllers\MusicController.php(17): view('music_all_in_one', [...])
 6 SYSTEMPATH\CodeIgniter.php(919): App\Controllers\MusicController->index()
 7 SYSTEMPATH\CodeIgniter.php(494): CodeIgniter\CodeIgniter->runController(Object(App\Controllers\MusicController))
 8 SYSTEMPATH\CodeIgniter.php(353): CodeIgniter\CodeIgniter->handleRequest(null, Object(Config\Cache), false)
 9 FCPATH\index.php(79): CodeIgniter\CodeIgniter->run()
10 SYSTEMPATH\Commands\Server\rewrite.php(47): require_once('C:\\laragon\\www\\music\\music\\public\\index.php')
CRITICAL - 2023-09-23 15:21:49 --> Undefined variable $playlists
in APPPATH\Views\music_all_in_one.php on line 177.
 1 APPPATH\Views\music_all_in_one.php(177): CodeIgniter\Debug\Exceptions->errorHandler(2, 'Undefined variable $playlists', 'C:\\laragon\\www\\music\\music\\app\\Views\\music_all_in_one.php', 177)
 2 SYSTEMPATH\View\View.php(226): include('C:\\laragon\\www\\music\\music\\app\\Views\\music_all_in_one.php')
 3 SYSTEMPATH\View\View.php(229): CodeIgniter\View\View->CodeIgniter\View\{closure}()
 4 SYSTEMPATH\Common.php(1188): CodeIgniter\View\View->render('music_all_in_one', [], true)
 5 APPPATH\Controllers\MusicController.php(17): view('music_all_in_one', [...])
 6 SYSTEMPATH\CodeIgniter.php(919): App\Controllers\MusicController->index()
 7 SYSTEMPATH\CodeIgniter.php(494): CodeIgniter\CodeIgniter->runController(Object(App\Controllers\MusicController))
 8 SYSTEMPATH\CodeIgniter.php(353): CodeIgniter\CodeIgniter->handleRequest(null, Object(Config\Cache), false)
 9 FCPATH\index.php(79): CodeIgniter\CodeIgniter->run()
10 SYSTEMPATH\Commands\Server\rewrite.php(47): require_once('C:\\laragon\\www\\music\\music\\public\\index.php')
CRITICAL - 2023-09-23 15:21:50 --> Undefined variable $playlists
in APPPATH\Views\music_all_in_one.php on line 177.
 1 APPPATH\Views\music_all_in_one.php(177): CodeIgniter\Debug\Exceptions->errorHandler(2, 'Undefined variable $playlists', 'C:\\laragon\\www\\music\\music\\app\\Views\\music_all_in_one.php', 177)
 2 SYSTEMPATH\View\View.php(226): include('C:\\laragon\\www\\music\\music\\app\\Views\\music_all_in_one.php')
 3 SYSTEMPATH\View\View.php(229): CodeIgniter\View\View->CodeIgniter\View\{closure}()
 4 SYSTEMPATH\Common.php(1188): CodeIgniter\View\View->render('music_all_in_one', [], true)
 5 APPPATH\Controllers\MusicController.php(17): view('music_all_in_one', [...])
 6 SYSTEMPATH\CodeIgniter.php(919): App\Controllers\MusicController->index()
 7 SYSTEMPATH\CodeIgniter.php(494): CodeIgniter\CodeIgniter->runController(Object(App\Controllers\MusicController))
 8 SYSTEMPATH\CodeIgniter.php(353): CodeIgniter\CodeIgniter->handleRequest(null, Object(Config\Cache), false)
 9 FCPATH\index.php(79): CodeIgniter\CodeIgniter->run()
10 SYSTEMPATH\Commands\Server\rewrite.php(47): require_once('C:\\laragon\\www\\music\\music\\public\\index.php')
CRITICAL - 2023-09-23 15:21:50 --> Undefined variable $playlists
in APPPATH\Views\music_all_in_one.php on line 177.
 1 APPPATH\Views\music_all_in_one.php(177): CodeIgniter\Debug\Exceptions->errorHandler(2, 'Undefined variable $playlists', 'C:\\laragon\\www\\music\\music\\app\\Views\\music_all_in_one.php', 177)
 2 SYSTEMPATH\View\View.php(226): include('C:\\laragon\\www\\music\\music\\app\\Views\\music_all_in_one.php')
 3 SYSTEMPATH\View\View.php(229): CodeIgniter\View\View->CodeIgniter\View\{closure}()
 4 SYSTEMPATH\Common.php(1188): CodeIgniter\View\View->render('music_all_in_one', [], true)
 5 APPPATH\Controllers\MusicController.php(17): view('music_all_in_one', [...])
 6 SYSTEMPATH\CodeIgniter.php(919): App\Controllers\MusicController->index()
 7 SYSTEMPATH\CodeIgniter.php(494): CodeIgniter\CodeIgniter->runController(Object(App\Controllers\MusicController))
 8 SYSTEMPATH\CodeIgniter.php(353): CodeIgniter\CodeIgniter->handleRequest(null, Object(Config\Cache), false)
 9 FCPATH\index.php(79): CodeIgniter\CodeIgniter->run()
10 SYSTEMPATH\Commands\Server\rewrite.php(47): require_once('C:\\laragon\\www\\music\\music\\public\\index.php')
CRITICAL - 2023-09-23 15:24:10 --> Invalid file: "music_list.php"
in SYSTEMPATH\Exceptions\FrameworkException.php on line 39.
 1 SYSTEMPATH\View\View.php(214): CodeIgniter\Exceptions\FrameworkException::forInvalidFile('music_list.php')
 2 SYSTEMPATH\Common.php(1188): CodeIgniter\View\View->render('music_list', [], true)
 3 APPPATH\Controllers\MusicController.php(16): view('music_list', [...])
 4 SYSTEMPATH\CodeIgniter.php(919): App\Controllers\MusicController->index()
 5 SYSTEMPATH\CodeIgniter.php(494): CodeIgniter\CodeIgniter->runController(Object(App\Controllers\MusicController))
 6 SYSTEMPATH\CodeIgniter.php(353): CodeIgniter\CodeIgniter->handleRequest(null, Object(Config\Cache), false)
 7 FCPATH\index.php(79): CodeIgniter\CodeIgniter->run()
 8 SYSTEMPATH\Commands\Server\rewrite.php(47): require_once('C:\\laragon\\www\\music\\music\\public\\index.php')
CRITICAL - 2023-09-23 15:24:36 --> Undefined variable $playlists
in APPPATH\Views\music_all_in_one.php on line 177.
 1 APPPATH\Views\music_all_in_one.php(177): CodeIgniter\Debug\Exceptions->errorHandler(2, 'Undefined variable $playlists', 'C:\\laragon\\www\\music\\music\\app\\Views\\music_all_in_one.php', 177)
 2 SYSTEMPATH\View\View.php(226): include('C:\\laragon\\www\\music\\music\\app\\Views\\music_all_in_one.php')
 3 SYSTEMPATH\View\View.php(229): CodeIgniter\View\View->CodeIgniter\View\{closure}()
 4 SYSTEMPATH\Common.php(1188): CodeIgniter\View\View->render('music_all_in_one', [], true)
 5 APPPATH\Controllers\MusicController.php(17): view('music_all_in_one', [...])
 6 SYSTEMPATH\CodeIgniter.php(919): App\Controllers\MusicController->index()
 7 SYSTEMPATH\CodeIgniter.php(494): CodeIgniter\CodeIgniter->runController(Object(App\Controllers\MusicController))
 8 SYSTEMPATH\CodeIgniter.php(353): CodeIgniter\CodeIgniter->handleRequest(null, Object(Config\Cache), false)
 9 FCPATH\index.php(79): CodeIgniter\CodeIgniter->run()
10 SYSTEMPATH\Commands\Server\rewrite.php(47): require_once('C:\\laragon\\www\\music\\music\\public\\index.php')
CRITICAL - 2023-09-23 15:25:29 --> Undefined variable $playlists
in APPPATH\Views\music_all_in_one.php on line 177.
 1 APPPATH\Views\music_all_in_one.php(177): CodeIgniter\Debug\Exceptions->errorHandler(2, 'Undefined variable $playlists', 'C:\\laragon\\www\\music\\music\\app\\Views\\music_all_in_one.php', 177)
 2 SYSTEMPATH\View\View.php(226): include('C:\\laragon\\www\\music\\music\\app\\Views\\music_all_in_one.php')
 3 SYSTEMPATH\View\View.php(229): CodeIgniter\View\View->CodeIgniter\View\{closure}()
 4 SYSTEMPATH\Common.php(1188): CodeIgniter\View\View->render('music_all_in_one', [], true)
 5 APPPATH\Controllers\MusicController.php(17): view('music_all_in_one', [...])
 6 SYSTEMPATH\CodeIgniter.php(919): App\Controllers\MusicController->index()
 7 SYSTEMPATH\CodeIgniter.php(494): CodeIgniter\CodeIgniter->runController(Object(App\Controllers\MusicController))
 8 SYSTEMPATH\CodeIgniter.php(353): CodeIgniter\CodeIgniter->handleRequest(null, Object(Config\Cache), false)
 9 FCPATH\index.php(79): CodeIgniter\CodeIgniter->run()
10 SYSTEMPATH\Commands\Server\rewrite.php(47): require_once('C:\\laragon\\www\\music\\music\\public\\index.php')
CRITICAL - 2023-09-23 15:30:34 --> Undefined variable $playlists
in APPPATH\Views\music_all_in_one.php on line 177.
 1 APPPATH\Views\music_all_in_one.php(177): CodeIgniter\Debug\Exceptions->errorHandler(2, 'Undefined variable $playlists', 'C:\\laragon\\www\\music\\music\\app\\Views\\music_all_in_one.php', 177)
 2 SYSTEMPATH\View\View.php(226): include('C:\\laragon\\www\\music\\music\\app\\Views\\music_all_in_one.php')
 3 SYSTEMPATH\View\View.php(229): CodeIgniter\View\View->CodeIgniter\View\{closure}()
 4 SYSTEMPATH\Common.php(1188): CodeIgniter\View\View->render('music_all_in_one', [], true)
 5 APPPATH\Controllers\MusicController.php(17): view('music_all_in_one', [...])
 6 SYSTEMPATH\CodeIgniter.php(919): App\Controllers\MusicController->index()
 7 SYSTEMPATH\CodeIgniter.php(494): CodeIgniter\CodeIgniter->runController(Object(App\Controllers\MusicController))
 8 SYSTEMPATH\CodeIgniter.php(353): CodeIgniter\CodeIgniter->handleRequest(null, Object(Config\Cache), false)
 9 FCPATH\index.php(79): CodeIgniter\CodeIgniter->run()
10 SYSTEMPATH\Commands\Server\rewrite.php(47): require_once('C:\\laragon\\www\\music\\music\\public\\index.php')
CRITICAL - 2023-09-23 15:30:35 --> Undefined variable $playlists
in APPPATH\Views\music_all_in_one.php on line 177.
 1 APPPATH\Views\music_all_in_one.php(177): CodeIgniter\Debug\Exceptions->errorHandler(2, 'Undefined variable $playlists', 'C:\\laragon\\www\\music\\music\\app\\Views\\music_all_in_one.php', 177)
 2 SYSTEMPATH\View\View.php(226): include('C:\\laragon\\www\\music\\music\\app\\Views\\music_all_in_one.php')
 3 SYSTEMPATH\View\View.php(229): CodeIgniter\View\View->CodeIgniter\View\{closure}()
 4 SYSTEMPATH\Common.php(1188): CodeIgniter\View\View->render('music_all_in_one', [], true)
 5 APPPATH\Controllers\MusicController.php(17): view('music_all_in_one', [...])
 6 SYSTEMPATH\CodeIgniter.php(919): App\Controllers\MusicController->index()
 7 SYSTEMPATH\CodeIgniter.php(494): CodeIgniter\CodeIgniter->runController(Object(App\Controllers\MusicController))
 8 SYSTEMPATH\CodeIgniter.php(353): CodeIgniter\CodeIgniter->handleRequest(null, Object(Config\Cache), false)
 9 FCPATH\index.php(79): CodeIgniter\CodeIgniter->run()
10 SYSTEMPATH\Commands\Server\rewrite.php(47): require_once('C:\\laragon\\www\\music\\music\\public\\index.php')
CRITICAL - 2023-09-23 15:30:35 --> Undefined variable $playlists
in APPPATH\Views\music_all_in_one.php on line 177.
 1 APPPATH\Views\music_all_in_one.php(177): CodeIgniter\Debug\Exceptions->errorHandler(2, 'Undefined variable $playlists', 'C:\\laragon\\www\\music\\music\\app\\Views\\music_all_in_one.php', 177)
 2 SYSTEMPATH\View\View.php(226): include('C:\\laragon\\www\\music\\music\\app\\Views\\music_all_in_one.php')
 3 SYSTEMPATH\View\View.php(229): CodeIgniter\View\View->CodeIgniter\View\{closure}()
 4 SYSTEMPATH\Common.php(1188): CodeIgniter\View\View->render('music_all_in_one', [], true)
 5 APPPATH\Controllers\MusicController.php(17): view('music_all_in_one', [...])
 6 SYSTEMPATH\CodeIgniter.php(919): App\Controllers\MusicController->index()
 7 SYSTEMPATH\CodeIgniter.php(494): CodeIgniter\CodeIgniter->runController(Object(App\Controllers\MusicController))
 8 SYSTEMPATH\CodeIgniter.php(353): CodeIgniter\CodeIgniter->handleRequest(null, Object(Config\Cache), false)
 9 FCPATH\index.php(79): CodeIgniter\CodeIgniter->run()
10 SYSTEMPATH\Commands\Server\rewrite.php(47): require_once('C:\\laragon\\www\\music\\music\\public\\index.php')
CRITICAL - 2023-09-23 15:30:35 --> Undefined variable $playlists
in APPPATH\Views\music_all_in_one.php on line 177.
 1 APPPATH\Views\music_all_in_one.php(177): CodeIgniter\Debug\Exceptions->errorHandler(2, 'Undefined variable $playlists', 'C:\\laragon\\www\\music\\music\\app\\Views\\music_all_in_one.php', 177)
 2 SYSTEMPATH\View\View.php(226): include('C:\\laragon\\www\\music\\music\\app\\Views\\music_all_in_one.php')
 3 SYSTEMPATH\View\View.php(229): CodeIgniter\View\View->CodeIgniter\View\{closure}()
 4 SYSTEMPATH\Common.php(1188): CodeIgniter\View\View->render('music_all_in_one', [], true)
 5 APPPATH\Controllers\MusicController.php(17): view('music_all_in_one', [...])
 6 SYSTEMPATH\CodeIgniter.php(919): App\Controllers\MusicController->index()
 7 SYSTEMPATH\CodeIgniter.php(494): CodeIgniter\CodeIgniter->runController(Object(App\Controllers\MusicController))
 8 SYSTEMPATH\CodeIgniter.php(353): CodeIgniter\CodeIgniter->handleRequest(null, Object(Config\Cache), false)
 9 FCPATH\index.php(79): CodeIgniter\CodeIgniter->run()
10 SYSTEMPATH\Commands\Server\rewrite.php(47): require_once('C:\\laragon\\www\\music\\music\\public\\index.php')
CRITICAL - 2023-09-23 15:30:36 --> Undefined variable $playlists
in APPPATH\Views\music_all_in_one.php on line 177.
 1 APPPATH\Views\music_all_in_one.php(177): CodeIgniter\Debug\Exceptions->errorHandler(2, 'Undefined variable $playlists', 'C:\\laragon\\www\\music\\music\\app\\Views\\music_all_in_one.php', 177)
 2 SYSTEMPATH\View\View.php(226): include('C:\\laragon\\www\\music\\music\\app\\Views\\music_all_in_one.php')
 3 SYSTEMPATH\View\View.php(229): CodeIgniter\View\View->CodeIgniter\View\{closure}()
 4 SYSTEMPATH\Common.php(1188): CodeIgniter\View\View->render('music_all_in_one', [], true)
 5 APPPATH\Controllers\MusicController.php(17): view('music_all_in_one', [...])
 6 SYSTEMPATH\CodeIgniter.php(919): App\Controllers\MusicController->index()
 7 SYSTEMPATH\CodeIgniter.php(494): CodeIgniter\CodeIgniter->runController(Object(App\Controllers\MusicController))
 8 SYSTEMPATH\CodeIgniter.php(353): CodeIgniter\CodeIgniter->handleRequest(null, Object(Config\Cache), false)
 9 FCPATH\index.php(79): CodeIgniter\CodeIgniter->run()
10 SYSTEMPATH\Commands\Server\rewrite.php(47): require_once('C:\\laragon\\www\\music\\music\\public\\index.php')
CRITICAL - 2023-09-23 15:31:11 --> Undefined variable $playlists
in APPPATH\Views\music_all_in_one.php on line 177.
 1 APPPATH\Views\music_all_in_one.php(177): CodeIgniter\Debug\Exceptions->errorHandler(2, 'Undefined variable $playlists', 'C:\\laragon\\www\\music\\music\\app\\Views\\music_all_in_one.php', 177)
 2 SYSTEMPATH\View\View.php(226): include('C:\\laragon\\www\\music\\music\\app\\Views\\music_all_in_one.php')
 3 SYSTEMPATH\View\View.php(229): CodeIgniter\View\View->CodeIgniter\View\{closure}()
 4 SYSTEMPATH\Common.php(1188): CodeIgniter\View\View->render('music_all_in_one', [], true)
 5 APPPATH\Controllers\MusicController.php(17): view('music_all_in_one', [...])
 6 SYSTEMPATH\CodeIgniter.php(919): App\Controllers\MusicController->index()
 7 SYSTEMPATH\CodeIgniter.php(494): CodeIgniter\CodeIgniter->runController(Object(App\Controllers\MusicController))
 8 SYSTEMPATH\CodeIgniter.php(353): CodeIgniter\CodeIgniter->handleRequest(null, Object(Config\Cache), false)
 9 FCPATH\index.php(79): CodeIgniter\CodeIgniter->run()
10 SYSTEMPATH\Commands\Server\rewrite.php(47): require_once('C:\\laragon\\www\\music\\music\\public\\index.php')
CRITICAL - 2023-09-23 15:32:19 --> Undefined variable $playlists
in APPPATH\Views\music_all_in_one.php on line 177.
 1 APPPATH\Views\music_all_in_one.php(177): CodeIgniter\Debug\Exceptions->errorHandler(2, 'Undefined variable $playlists', 'C:\\laragon\\www\\music\\music\\app\\Views\\music_all_in_one.php', 177)
 2 SYSTEMPATH\View\View.php(226): include('C:\\laragon\\www\\music\\music\\app\\Views\\music_all_in_one.php')
 3 SYSTEMPATH\View\View.php(229): CodeIgniter\View\View->CodeIgniter\View\{closure}()
 4 SYSTEMPATH\Common.php(1188): CodeIgniter\View\View->render('music_all_in_one', [], true)
 5 APPPATH\Controllers\MusicController.php(17): view('music_all_in_one', [...])
 6 SYSTEMPATH\CodeIgniter.php(919): App\Controllers\MusicController->index()
 7 SYSTEMPATH\CodeIgniter.php(494): CodeIgniter\CodeIgniter->runController(Object(App\Controllers\MusicController))
 8 SYSTEMPATH\CodeIgniter.php(353): CodeIgniter\CodeIgniter->handleRequest(null, Object(Config\Cache), false)
 9 FCPATH\index.php(79): CodeIgniter\CodeIgniter->run()
10 SYSTEMPATH\Commands\Server\rewrite.php(47): require_once('C:\\laragon\\www\\music\\music\\public\\index.php')
CRITICAL - 2023-09-23 15:32:20 --> Undefined variable $playlists
in APPPATH\Views\music_all_in_one.php on line 177.
 1 APPPATH\Views\music_all_in_one.php(177): CodeIgniter\Debug\Exceptions->errorHandler(2, 'Undefined variable $playlists', 'C:\\laragon\\www\\music\\music\\app\\Views\\music_all_in_one.php', 177)
 2 SYSTEMPATH\View\View.php(226): include('C:\\laragon\\www\\music\\music\\app\\Views\\music_all_in_one.php')
 3 SYSTEMPATH\View\View.php(229): CodeIgniter\View\View->CodeIgniter\View\{closure}()
 4 SYSTEMPATH\Common.php(1188): CodeIgniter\View\View->render('music_all_in_one', [], true)
 5 APPPATH\Controllers\MusicController.php(17): view('music_all_in_one', [...])
 6 SYSTEMPATH\CodeIgniter.php(919): App\Controllers\MusicController->index()
 7 SYSTEMPATH\CodeIgniter.php(494): CodeIgniter\CodeIgniter->runController(Object(App\Controllers\MusicController))
 8 SYSTEMPATH\CodeIgniter.php(353): CodeIgniter\CodeIgniter->handleRequest(null, Object(Config\Cache), false)
 9 FCPATH\index.php(79): CodeIgniter\CodeIgniter->run()
10 SYSTEMPATH\Commands\Server\rewrite.php(47): require_once('C:\\laragon\\www\\music\\music\\public\\index.php')
CRITICAL - 2023-09-23 15:36:32 --> Undefined variable $playlists
in APPPATH\Views\music_all_in_one.php on line 175.
 1 APPPATH\Views\music_all_in_one.php(175): CodeIgniter\Debug\Exceptions->errorHandler(2, 'Undefined variable $playlists', 'C:\\laragon\\www\\music\\music\\app\\Views\\music_all_in_one.php', 175)
 2 SYSTEMPATH\View\View.php(226): include('C:\\laragon\\www\\music\\music\\app\\Views\\music_all_in_one.php')
 3 SYSTEMPATH\View\View.php(229): CodeIgniter\View\View->CodeIgniter\View\{closure}()
 4 SYSTEMPATH\Common.php(1188): CodeIgniter\View\View->render('music_all_in_one', [], true)
 5 APPPATH\Controllers\MusicController.php(16): view('music_all_in_one', [...])
 6 SYSTEMPATH\CodeIgniter.php(919): App\Controllers\MusicController->index()
 7 SYSTEMPATH\CodeIgniter.php(494): CodeIgniter\CodeIgniter->runController(Object(App\Controllers\MusicController))
 8 SYSTEMPATH\CodeIgniter.php(353): CodeIgniter\CodeIgniter->handleRequest(null, Object(Config\Cache), false)
 9 FCPATH\index.php(79): CodeIgniter\CodeIgniter->run()
10 SYSTEMPATH\Commands\Server\rewrite.php(47): require_once('C:\\laragon\\www\\music\\music\\public\\index.php')
CRITICAL - 2023-09-23 15:39:11 --> Undefined variable $playlists
in APPPATH\Views\music_all_in_one.php on line 178.
 1 APPPATH\Views\music_all_in_one.php(178): CodeIgniter\Debug\Exceptions->errorHandler(2, 'Undefined variable $playlists', 'C:\\laragon\\www\\music\\music\\app\\Views\\music_all_in_one.php', 178)
 2 SYSTEMPATH\View\View.php(226): include('C:\\laragon\\www\\music\\music\\app\\Views\\music_all_in_one.php')
 3 SYSTEMPATH\View\View.php(229): CodeIgniter\View\View->CodeIgniter\View\{closure}()
 4 SYSTEMPATH\Common.php(1188): CodeIgniter\View\View->render('music_all_in_one', [], true)
 5 APPPATH\Controllers\MusicController.php(16): view('music_all_in_one', [...])
 6 SYSTEMPATH\CodeIgniter.php(919): App\Controllers\MusicController->index()
 7 SYSTEMPATH\CodeIgniter.php(494): CodeIgniter\CodeIgniter->runController(Object(App\Controllers\MusicController))
 8 SYSTEMPATH\CodeIgniter.php(353): CodeIgniter\CodeIgniter->handleRequest(null, Object(Config\Cache), false)
 9 FCPATH\index.php(79): CodeIgniter\CodeIgniter->run()
10 SYSTEMPATH\Commands\Server\rewrite.php(47): require_once('C:\\laragon\\www\\music\\music\\public\\index.php')
CRITICAL - 2023-09-23 15:41:03 --> Undefined variable $playlists
in APPPATH\Views\music_all_in_one.php on line 178.
 1 APPPATH\Views\music_all_in_one.php(178): CodeIgniter\Debug\Exceptions->errorHandler(2, 'Undefined variable $playlists', 'C:\\laragon\\www\\music\\music\\app\\Views\\music_all_in_one.php', 178)
 2 SYSTEMPATH\View\View.php(226): include('C:\\laragon\\www\\music\\music\\app\\Views\\music_all_in_one.php')
 3 SYSTEMPATH\View\View.php(229): CodeIgniter\View\View->CodeIgniter\View\{closure}()
 4 SYSTEMPATH\Common.php(1188): CodeIgniter\View\View->render('music_all_in_one', [], true)
 5 APPPATH\Controllers\MusicController.php(16): view('music_all_in_one', [...])
 6 SYSTEMPATH\CodeIgniter.php(919): App\Controllers\MusicController->index()
 7 SYSTEMPATH\CodeIgniter.php(494): CodeIgniter\CodeIgniter->runController(Object(App\Controllers\MusicController))
 8 SYSTEMPATH\CodeIgniter.php(353): CodeIgniter\CodeIgniter->handleRequest(null, Object(Config\Cache), false)
 9 FCPATH\index.php(79): CodeIgniter\CodeIgniter->run()
10 SYSTEMPATH\Commands\Server\rewrite.php(47): require_once('C:\\laragon\\www\\music\\music\\public\\index.php')
CRITICAL - 2023-09-23 15:44:14 --> Undefined variable $playlists
in APPPATH\Views\music_all_in_one.php on line 176.
 1 APPPATH\Views\music_all_in_one.php(176): CodeIgniter\Debug\Exceptions->errorHandler(2, 'Undefined variable $playlists', 'C:\\laragon\\www\\music\\music\\app\\Views\\music_all_in_one.php', 176)
 2 SYSTEMPATH\View\View.php(226): include('C:\\laragon\\www\\music\\music\\app\\Views\\music_all_in_one.php')
 3 SYSTEMPATH\View\View.php(229): CodeIgniter\View\View->CodeIgniter\View\{closure}()
 4 SYSTEMPATH\Common.php(1188): CodeIgniter\View\View->render('music_all_in_one', [], true)
 5 APPPATH\Controllers\MusicController.php(16): view('music_all_in_one', [...])
 6 SYSTEMPATH\CodeIgniter.php(919): App\Controllers\MusicController->index()
 7 SYSTEMPATH\CodeIgniter.php(494): CodeIgniter\CodeIgniter->runController(Object(App\Controllers\MusicController))
 8 SYSTEMPATH\CodeIgniter.php(353): CodeIgniter\CodeIgniter->handleRequest(null, Object(Config\Cache), false)
 9 FCPATH\index.php(79): CodeIgniter\CodeIgniter->run()
10 SYSTEMPATH\Commands\Server\rewrite.php(47): require_once('C:\\laragon\\www\\music\\music\\public\\index.php')
CRITICAL - 2023-09-23 15:47:05 --> Undefined variable $playlists
in APPPATH\Views\music_all_in_one.php on line 177.
 1 APPPATH\Views\music_all_in_one.php(177): CodeIgniter\Debug\Exceptions->errorHandler(2, 'Undefined variable $playlists', 'C:\\laragon\\www\\music\\music\\app\\Views\\music_all_in_one.php', 177)
 2 SYSTEMPATH\View\View.php(226): include('C:\\laragon\\www\\music\\music\\app\\Views\\music_all_in_one.php')
 3 SYSTEMPATH\View\View.php(229): CodeIgniter\View\View->CodeIgniter\View\{closure}()
 4 SYSTEMPATH\Common.php(1188): CodeIgniter\View\View->render('music_all_in_one', [], true)
 5 APPPATH\Controllers\MusicController.php(16): view('music_all_in_one', [...])
 6 SYSTEMPATH\CodeIgniter.php(919): App\Controllers\MusicController->index()
 7 SYSTEMPATH\CodeIgniter.php(494): CodeIgniter\CodeIgniter->runController(Object(App\Controllers\MusicController))
 8 SYSTEMPATH\CodeIgniter.php(353): CodeIgniter\CodeIgniter->handleRequest(null, Object(Config\Cache), false)
 9 FCPATH\index.php(79): CodeIgniter\CodeIgniter->run()
10 SYSTEMPATH\Commands\Server\rewrite.php(47): require_once('C:\\laragon\\www\\music\\music\\public\\index.php')
CRITICAL - 2023-09-23 15:48:58 --> Undefined variable $playlists
in APPPATH\Views\music_all_in_one.php on line 177.
 1 APPPATH\Views\music_all_in_one.php(177): CodeIgniter\Debug\Exceptions->errorHandler(2, 'Undefined variable $playlists', 'C:\\laragon\\www\\music\\music\\app\\Views\\music_all_in_one.php', 177)
 2 SYSTEMPATH\View\View.php(226): include('C:\\laragon\\www\\music\\music\\app\\Views\\music_all_in_one.php')
 3 SYSTEMPATH\View\View.php(229): CodeIgniter\View\View->CodeIgniter\View\{closure}()
 4 SYSTEMPATH\Common.php(1188): CodeIgniter\View\View->render('music_all_in_one', [], true)
 5 APPPATH\Controllers\MusicController.php(16): view('music_all_in_one', [...])
 6 SYSTEMPATH\CodeIgniter.php(919): App\Controllers\MusicController->index()
 7 SYSTEMPATH\CodeIgniter.php(494): CodeIgniter\CodeIgniter->runController(Object(App\Controllers\MusicController))
 8 SYSTEMPATH\CodeIgniter.php(353): CodeIgniter\CodeIgniter->handleRequest(null, Object(Config\Cache), false)
 9 FCPATH\index.php(79): CodeIgniter\CodeIgniter->run()
10 SYSTEMPATH\Commands\Server\rewrite.php(47): require_once('C:\\laragon\\www\\music\\music\\public\\index.php')
CRITICAL - 2023-09-23 15:51:47 --> Undefined variable $playlists
in APPPATH\Views\music_all_in_one.php on line 177.
 1 APPPATH\Views\music_all_in_one.php(177): CodeIgniter\Debug\Exceptions->errorHandler(2, 'Undefined variable $playlists', 'C:\\laragon\\www\\music\\music\\app\\Views\\music_all_in_one.php', 177)
 2 SYSTEMPATH\View\View.php(226): include('C:\\laragon\\www\\music\\music\\app\\Views\\music_all_in_one.php')
 3 SYSTEMPATH\View\View.php(229): CodeIgniter\View\View->CodeIgniter\View\{closure}()
 4 SYSTEMPATH\Common.php(1188): CodeIgniter\View\View->render('music_all_in_one', [], true)
 5 APPPATH\Controllers\MusicController.php(16): view('music_all_in_one', [...])
 6 SYSTEMPATH\CodeIgniter.php(919): App\Controllers\MusicController->index()
 7 SYSTEMPATH\CodeIgniter.php(494): CodeIgniter\CodeIgniter->runController(Object(App\Controllers\MusicController))
 8 SYSTEMPATH\CodeIgniter.php(353): CodeIgniter\CodeIgniter->handleRequest(null, Object(Config\Cache), false)
 9 FCPATH\index.php(79): CodeIgniter\CodeIgniter->run()
10 SYSTEMPATH\Commands\Server\rewrite.php(47): require_once('C:\\laragon\\www\\music\\music\\public\\index.php')
CRITICAL - 2023-09-23 16:06:36 --> Undefined variable $music
in APPPATH\Views\music_all_in_one.php on line 18.
 1 APPPATH\Views\music_all_in_one.php(18): CodeIgniter\Debug\Exceptions->errorHandler(2, 'Undefined variable $music', 'C:\\laragon\\www\\music\\music\\app\\Views\\music_all_in_one.php', 18)
 2 SYSTEMPATH\View\View.php(226): include('C:\\laragon\\www\\music\\music\\app\\Views\\music_all_in_one.php')
 3 SYSTEMPATH\View\View.php(229): CodeIgniter\View\View->CodeIgniter\View\{closure}()
 4 SYSTEMPATH\Common.php(1188): CodeIgniter\View\View->render('music_all_in_one', [], true)
 5 APPPATH\Controllers\MusicController.php(68): view('music_all_in_one', [...])
 6 SYSTEMPATH\CodeIgniter.php(919): App\Controllers\MusicController->play('11')
 7 SYSTEMPATH\CodeIgniter.php(494): CodeIgniter\CodeIgniter->runController(Object(App\Controllers\MusicController))
 8 SYSTEMPATH\CodeIgniter.php(353): CodeIgniter\CodeIgniter->handleRequest(null, Object(Config\Cache), false)
 9 FCPATH\index.php(79): CodeIgniter\CodeIgniter->run()
10 SYSTEMPATH\Commands\Server\rewrite.php(47): require_once('C:\\laragon\\www\\music\\music\\public\\index.php')
CRITICAL - 2023-09-23 16:07:01 --> Undefined variable $music
in APPPATH\Views\music_all_in_one.php on line 18.
 1 APPPATH\Views\music_all_in_one.php(18): CodeIgniter\Debug\Exceptions->errorHandler(2, 'Undefined variable $music', 'C:\\laragon\\www\\music\\music\\app\\Views\\music_all_in_one.php', 18)
 2 SYSTEMPATH\View\View.php(226): include('C:\\laragon\\www\\music\\music\\app\\Views\\music_all_in_one.php')
 3 SYSTEMPATH\View\View.php(229): CodeIgniter\View\View->CodeIgniter\View\{closure}()
 4 SYSTEMPATH\Common.php(1188): CodeIgniter\View\View->render('music_all_in_one', [], true)
 5 APPPATH\Controllers\MusicController.php(68): view('music_all_in_one', [...])
 6 SYSTEMPATH\CodeIgniter.php(919): App\Controllers\MusicController->play('11')
 7 SYSTEMPATH\CodeIgniter.php(494): CodeIgniter\CodeIgniter->runController(Object(App\Controllers\MusicController))
 8 SYSTEMPATH\CodeIgniter.php(353): CodeIgniter\CodeIgniter->handleRequest(null, Object(Config\Cache), false)
 9 FCPATH\index.php(79): CodeIgniter\CodeIgniter->run()
10 SYSTEMPATH\Commands\Server\rewrite.php(47): require_once('C:\\laragon\\www\\music\\music\\public\\index.php')
CRITICAL - 2023-09-23 16:07:05 --> Undefined variable $music
in APPPATH\Views\music_all_in_one.php on line 18.
 1 APPPATH\Views\music_all_in_one.php(18): CodeIgniter\Debug\Exceptions->errorHandler(2, 'Undefined variable $music', 'C:\\laragon\\www\\music\\music\\app\\Views\\music_all_in_one.php', 18)
 2 SYSTEMPATH\View\View.php(226): include('C:\\laragon\\www\\music\\music\\app\\Views\\music_all_in_one.php')
 3 SYSTEMPATH\View\View.php(229): CodeIgniter\View\View->CodeIgniter\View\{closure}()
 4 SYSTEMPATH\Common.php(1188): CodeIgniter\View\View->render('music_all_in_one', [], true)
 5 APPPATH\Controllers\MusicController.php(68): view('music_all_in_one', [...])
 6 SYSTEMPATH\CodeIgniter.php(919): App\Controllers\MusicController->play('11')
 7 SYSTEMPATH\CodeIgniter.php(494): CodeIgniter\CodeIgniter->runController(Object(App\Controllers\MusicController))
 8 SYSTEMPATH\CodeIgniter.php(353): CodeIgniter\CodeIgniter->handleRequest(null, Object(Config\Cache), false)
 9 FCPATH\index.php(79): CodeIgniter\CodeIgniter->run()
10 SYSTEMPATH\Commands\Server\rewrite.php(47): require_once('C:\\laragon\\www\\music\\music\\public\\index.php')
CRITICAL - 2023-09-23 16:08:11 --> Undefined variable $music
in APPPATH\Views\music_all_in_one.php on line 18.
 1 APPPATH\Views\music_all_in_one.php(18): CodeIgniter\Debug\Exceptions->errorHandler(2, 'Undefined variable $music', 'C:\\laragon\\www\\music\\music\\app\\Views\\music_all_in_one.php', 18)
 2 SYSTEMPATH\View\View.php(226): include('C:\\laragon\\www\\music\\music\\app\\Views\\music_all_in_one.php')
 3 SYSTEMPATH\View\View.php(229): CodeIgniter\View\View->CodeIgniter\View\{closure}()
 4 SYSTEMPATH\Common.php(1188): CodeIgniter\View\View->render('music_all_in_one', [], true)
 5 APPPATH\Controllers\MusicController.php(68): view('music_all_in_one', [...])
 6 SYSTEMPATH\CodeIgniter.php(919): App\Controllers\MusicController->play('11')
 7 SYSTEMPATH\CodeIgniter.php(494): CodeIgniter\CodeIgniter->runController(Object(App\Controllers\MusicController))
 8 SYSTEMPATH\CodeIgniter.php(353): CodeIgniter\CodeIgniter->handleRequest(null, Object(Config\Cache), false)
 9 FCPATH\index.php(79): CodeIgniter\CodeIgniter->run()
10 SYSTEMPATH\Commands\Server\rewrite.php(47): require_once('C:\\laragon\\www\\music\\music\\public\\index.php')
CRITICAL - 2023-09-23 16:09:27 --> Undefined variable $music
in APPPATH\Views\music_all_in_one.php on line 18.
 1 APPPATH\Views\music_all_in_one.php(18): CodeIgniter\Debug\Exceptions->errorHandler(2, 'Undefined variable $music', 'C:\\laragon\\www\\music\\music\\app\\Views\\music_all_in_one.php', 18)
 2 SYSTEMPATH\View\View.php(226): include('C:\\laragon\\www\\music\\music\\app\\Views\\music_all_in_one.php')
 3 SYSTEMPATH\View\View.php(229): CodeIgniter\View\View->CodeIgniter\View\{closure}()
 4 SYSTEMPATH\Common.php(1188): CodeIgniter\View\View->render('music_all_in_one', [], true)
 5 APPPATH\Controllers\MusicController.php(68): view('music_all_in_one', [...])
 6 SYSTEMPATH\CodeIgniter.php(919): App\Controllers\MusicController->play('11')
 7 SYSTEMPATH\CodeIgniter.php(494): CodeIgniter\CodeIgniter->runController(Object(App\Controllers\MusicController))
 8 SYSTEMPATH\CodeIgniter.php(353): CodeIgniter\CodeIgniter->handleRequest(null, Object(Config\Cache), false)
 9 FCPATH\index.php(79): CodeIgniter\CodeIgniter->run()
10 SYSTEMPATH\Commands\Server\rewrite.php(47): require_once('C:\\laragon\\www\\music\\music\\public\\index.php')
